State 0:
          start ::= * expressions

               PRE_END_OF_FILE shift-reduce 21     expression ::= PRE_END_OF_FILE
             PRE_COMMENT_START shift        24     
     PRE_VARIABLE_TYPE_VARCHAR shift        6      
        PRE_VARIABLE_TYPE_BOOL shift        5      
      PRE_VARIABLE_TYPE_NUMBER shift        4      
        PRE_VARIABLE_TYPE_DATE shift        3      
       PRE_VARIABLE_TYPE_REDIS shift        13     
        PRE_VARIABLE_TYPE_VOID shift        2      
                     PRE_ENTER shift-reduce 35     enter ::= PRE_ENTER
                         start accept
                   expressions shift        1      
                    expression shift        1        /* because expression==expressions */
                       comment shift        1        /* because comment==expression */
                       globals shift        1        /* because globals==expression */
                        enters shift        18     
                         enter shift        18       /* because enter==enters */

State 1:
     (15) start ::= expressions *
          expressions ::= expressions * expression

                             $ reduce       15     start ::= expressions
               PRE_END_OF_FILE shift-reduce 21     expression ::= PRE_END_OF_FILE
             PRE_COMMENT_START shift        24     
     PRE_VARIABLE_TYPE_VARCHAR shift        6      
        PRE_VARIABLE_TYPE_BOOL shift        5      
      PRE_VARIABLE_TYPE_NUMBER shift        4      
        PRE_VARIABLE_TYPE_DATE shift        3      
       PRE_VARIABLE_TYPE_REDIS shift        13     
        PRE_VARIABLE_TYPE_VOID shift        2      
                     PRE_ENTER shift-reduce 35     enter ::= PRE_ENTER
                    expression shift-reduce 16     expressions ::= expressions expression
                       comment shift-reduce 16     expressions ::= expressions expression  /* because comment==expression */
                       globals shift-reduce 16     expressions ::= expressions expression  /* because globals==expression */
                        enters shift        18     
                         enter shift        18       /* because enter==enters */

State 2:
          globals ::= PRE_VARIABLE_TYPE_VOID * funcdechead

                PRE_IDENTIFIER shift-reduce 14     identifier ::= PRE_IDENTIFIER
                    identifier shift        10       /* because identifier==funcdecid */
                   funcdechead shift-reduce 4      globals ::= PRE_VARIABLE_TYPE_VOID funcdechead
                     funcdecid shift        10     

State 3:
          globals ::= PRE_VARIABLE_TYPE_DATE * identifier PRE_SEMICOLON
          globals ::= PRE_VARIABLE_TYPE_DATE * funcdechead

                PRE_IDENTIFIER shift-reduce 14     identifier ::= PRE_IDENTIFIER
                    identifier shift        20     
                   funcdechead shift-reduce 3      globals ::= PRE_VARIABLE_TYPE_DATE funcdechead
                     funcdecid shift        10     

State 4:
          globals ::= PRE_VARIABLE_TYPE_NUMBER * identifier PRE_SEMICOLON
          globals ::= PRE_VARIABLE_TYPE_NUMBER * funcdechead

                PRE_IDENTIFIER shift-reduce 14     identifier ::= PRE_IDENTIFIER
                    identifier shift        21     
                   funcdechead shift-reduce 2      globals ::= PRE_VARIABLE_TYPE_NUMBER funcdechead
                     funcdecid shift        10     

State 5:
          globals ::= PRE_VARIABLE_TYPE_BOOL * identifier PRE_SEMICOLON
          globals ::= PRE_VARIABLE_TYPE_BOOL * funcdechead

                PRE_IDENTIFIER shift-reduce 14     identifier ::= PRE_IDENTIFIER
                    identifier shift        22     
                   funcdechead shift-reduce 5      globals ::= PRE_VARIABLE_TYPE_BOOL funcdechead
                     funcdecid shift        10     

State 6:
          globals ::= PRE_VARIABLE_TYPE_VARCHAR * identifier PRE_SEMICOLON
          globals ::= PRE_VARIABLE_TYPE_VARCHAR * funcdechead

                PRE_IDENTIFIER shift-reduce 14     identifier ::= PRE_IDENTIFIER
                    identifier shift        23     
                   funcdechead shift-reduce 1      globals ::= PRE_VARIABLE_TYPE_VARCHAR funcdechead
                     funcdecid shift        10     

State 7:
          parameterlist ::= openparenthesis * parameters closeparenthesis

     PRE_VARIABLE_TYPE_VARCHAR shift        16     
      PRE_VARIABLE_TYPE_NUMBER shift        15     
        PRE_VARIABLE_TYPE_DATE shift        14     
                    parameters shift        8      
                     parameter shift-reduce 9      parameters ::= parameter
                     {default} reduce       13     parameter ::=

State 8:
          parameterlist ::= openparenthesis parameters * closeparenthesis
          parameters ::= parameters * comma parameter

               PRE_CLOSE_PARAN shift-reduce 37     closeparenthesis ::= PRE_CLOSE_PARAN
                     PRE_COMMA shift-reduce 38     comma ::= PRE_COMMA
              closeparenthesis shift-reduce 7      parameterlist ::= openparenthesis parameters closeparenthesis
                         comma shift        11     

State 9:
          htsqlfunctionbody ::= PRE_FUNCTION_BEGIN * function_body_lines PRE_FUNCTION_END
          htsqlfunctionbody ::= PRE_FUNCTION_BEGIN * PRE_FUNCTION_END

              PRE_FUNCTION_END shift-reduce 29     htsqlfunctionbody ::= PRE_FUNCTION_BEGIN PRE_FUNCTION_END
        PRE_FUNCTION_BODY_LINE shift-reduce 32     function_body_line ::= PRE_FUNCTION_BODY_LINE
            function_body_line shift        12       /* because function_body_line==function_body_lines */
           function_body_lines shift        12     

State 10:
          funcdechead ::= funcdecid * parameterlist htsqlfunctionbody

                PRE_OPEN_PARAN shift-reduce 36     openparenthesis ::= PRE_OPEN_PARAN
                 parameterlist shift        17     
               openparenthesis shift        7      

State 11:
          parameters ::= parameters comma * parameter

     PRE_VARIABLE_TYPE_VARCHAR shift        16     
      PRE_VARIABLE_TYPE_NUMBER shift        15     
        PRE_VARIABLE_TYPE_DATE shift        14     
                     parameter shift-reduce 8      parameters ::= parameters comma parameter
                     {default} reduce       13     parameter ::=

State 12:
          htsqlfunctionbody ::= PRE_FUNCTION_BEGIN function_body_lines * PRE_FUNCTION_END
          function_body_lines ::= function_body_lines * function_body_line

              PRE_FUNCTION_END shift-reduce 28     htsqlfunctionbody ::= PRE_FUNCTION_BEGIN function_body_lines PRE_FUNCTION_END
        PRE_FUNCTION_BODY_LINE shift-reduce 32     function_body_line ::= PRE_FUNCTION_BODY_LINE
            function_body_line shift-reduce 30     function_body_lines ::= function_body_lines function_body_line

State 13:
          globals ::= PRE_VARIABLE_TYPE_REDIS * identifier PRE_SEMICOLON

                PRE_IDENTIFIER shift-reduce 14     identifier ::= PRE_IDENTIFIER
                    identifier shift        19     

State 14:
          parameter ::= PRE_VARIABLE_TYPE_DATE * identifier

                PRE_IDENTIFIER shift-reduce 14     identifier ::= PRE_IDENTIFIER
                    identifier shift-reduce 12     parameter ::= PRE_VARIABLE_TYPE_DATE identifier

State 15:
          parameter ::= PRE_VARIABLE_TYPE_NUMBER * identifier

                PRE_IDENTIFIER shift-reduce 14     identifier ::= PRE_IDENTIFIER
                    identifier shift-reduce 11     parameter ::= PRE_VARIABLE_TYPE_NUMBER identifier

State 16:
          parameter ::= PRE_VARIABLE_TYPE_VARCHAR * identifier

                PRE_IDENTIFIER shift-reduce 14     identifier ::= PRE_IDENTIFIER
                    identifier shift-reduce 10     parameter ::= PRE_VARIABLE_TYPE_VARCHAR identifier

State 17:
          funcdechead ::= funcdecid parameterlist * htsqlfunctionbody

            PRE_FUNCTION_BEGIN shift        9      
             htsqlfunctionbody shift-reduce 6      funcdechead ::= funcdecid parameterlist htsqlfunctionbody

State 18:
     (20) expression ::= enters *
          enters ::= enters * enter

                     PRE_ENTER shift-reduce 35     enter ::= PRE_ENTER
                     PRE_ENTER reduce       20      ** Parsing conflict **
                         enter shift-reduce 33     enters ::= enters enter
                     {default} reduce       20     expression ::= enters

State 19:
          globals ::= PRE_VARIABLE_TYPE_REDIS identifier * PRE_SEMICOLON

                 PRE_SEMICOLON shift-reduce 0      globals ::= PRE_VARIABLE_TYPE_REDIS identifier PRE_SEMICOLON

State 20:
          globals ::= PRE_VARIABLE_TYPE_DATE identifier * PRE_SEMICOLON
     (27) funcdecid ::= identifier *

                 PRE_SEMICOLON shift-reduce 26     globals ::= PRE_VARIABLE_TYPE_DATE identifier PRE_SEMICOLON
                     {default} reduce       27     funcdecid ::= identifier

State 21:
          globals ::= PRE_VARIABLE_TYPE_NUMBER identifier * PRE_SEMICOLON
     (27) funcdecid ::= identifier *

                 PRE_SEMICOLON shift-reduce 25     globals ::= PRE_VARIABLE_TYPE_NUMBER identifier PRE_SEMICOLON
                     {default} reduce       27     funcdecid ::= identifier

State 22:
          globals ::= PRE_VARIABLE_TYPE_BOOL identifier * PRE_SEMICOLON
     (27) funcdecid ::= identifier *

                 PRE_SEMICOLON shift-reduce 24     globals ::= PRE_VARIABLE_TYPE_BOOL identifier PRE_SEMICOLON
                     {default} reduce       27     funcdecid ::= identifier

State 23:
          globals ::= PRE_VARIABLE_TYPE_VARCHAR identifier * PRE_SEMICOLON
     (27) funcdecid ::= identifier *

                 PRE_SEMICOLON shift-reduce 23     globals ::= PRE_VARIABLE_TYPE_VARCHAR identifier PRE_SEMICOLON
                     {default} reduce       27     funcdecid ::= identifier

State 24:
          comment ::= PRE_COMMENT_START * PRE_COMMENT_END

               PRE_COMMENT_END shift-reduce 22     comment ::= PRE_COMMENT_START PRE_COMMENT_END

----------------------------------------------------
Symbols:
    0: $:
    1: PRE_END_OF_FILE
    2: PRE_COMMENT_START
    3: PRE_COMMENT_END
    4: PRE_VARIABLE_TYPE_VARCHAR
    5: PRE_SEMICOLON
    6: PRE_VARIABLE_TYPE_BOOL
    7: PRE_VARIABLE_TYPE_NUMBER
    8: PRE_VARIABLE_TYPE_DATE
    9: PRE_VARIABLE_TYPE_REDIS
   10: PRE_VARIABLE_TYPE_VOID
   11: PRE_FUNCTION_BEGIN
   12: PRE_FUNCTION_END
   13: PRE_FUNCTION_BODY_LINE
   14: PRE_ENTER
   15: PRE_IDENTIFIER
   16: PRE_OPEN_PARAN
   17: PRE_CLOSE_PARAN
   18: PRE_COMMA
   19: error:
   20: function_body_line: PRE_FUNCTION_BODY_LINE
   21: function_body_lines: PRE_FUNCTION_BODY_LINE
   22: parameterlist: PRE_OPEN_PARAN
   23: start: PRE_END_OF_FILE PRE_COMMENT_START PRE_VARIABLE_TYPE_VARCHAR PRE_VARIABLE_TYPE_BOOL PRE_VARIABLE_TYPE_NUMBER PRE_VARIABLE_TYPE_DATE PRE_VARIABLE_TYPE_REDIS PRE_VARIABLE_TYPE_VOID PRE_ENTER
   24: expressions: PRE_END_OF_FILE PRE_COMMENT_START PRE_VARIABLE_TYPE_VARCHAR PRE_VARIABLE_TYPE_BOOL PRE_VARIABLE_TYPE_NUMBER PRE_VARIABLE_TYPE_DATE PRE_VARIABLE_TYPE_REDIS PRE_VARIABLE_TYPE_VOID PRE_ENTER
   25: expression: PRE_END_OF_FILE PRE_COMMENT_START PRE_VARIABLE_TYPE_VARCHAR PRE_VARIABLE_TYPE_BOOL PRE_VARIABLE_TYPE_NUMBER PRE_VARIABLE_TYPE_DATE PRE_VARIABLE_TYPE_REDIS PRE_VARIABLE_TYPE_VOID PRE_ENTER
   26: comment: PRE_COMMENT_START
   27: globals: PRE_VARIABLE_TYPE_VARCHAR PRE_VARIABLE_TYPE_BOOL PRE_VARIABLE_TYPE_NUMBER PRE_VARIABLE_TYPE_DATE PRE_VARIABLE_TYPE_REDIS PRE_VARIABLE_TYPE_VOID
   28: enters: PRE_ENTER
   29: identifier: PRE_IDENTIFIER
   30: funcdechead: PRE_IDENTIFIER
   31: funcdecid: PRE_IDENTIFIER
   32: htsqlfunctionbody: PRE_FUNCTION_BEGIN
   33: openparenthesis: PRE_OPEN_PARAN
   34: parameters: <lambda> PRE_VARIABLE_TYPE_VARCHAR PRE_VARIABLE_TYPE_NUMBER PRE_VARIABLE_TYPE_DATE PRE_COMMA
   35: closeparenthesis: PRE_CLOSE_PARAN
   36: comma: PRE_COMMA
   37: parameter: <lambda> PRE_VARIABLE_TYPE_VARCHAR PRE_VARIABLE_TYPE_NUMBER PRE_VARIABLE_TYPE_DATE
   38: enter: PRE_ENTER
